wWinMain.begin
wWinMain.args.done
wWinMain.app.construct.begin
wWinMain.app.construct.done
wWinMain.run.begin
wWinMain.begin
wWinMain.args.done
wWinMain.app.construct.begin
wWinMain.app.construct.done
wWinMain.run.begin
wWinMain.begin
wWinMain.args.done
wWinMain.app.construct.begin
wWinMain.app.construct.done
wWinMain.run.begin
wWinMain.begin
wWinMain.args.done
wWinMain.app.construct.begin
wWinMain.app.construct.done
wWinMain.run.begin
wWinMain.begin
wWinMain.args.done
wWinMain.app.construct.begin
wWinMain.app.construct.done
wWinMain.run.begin
wWinMain.begin
wWinMain.args.done
wWinMain.app.construct.begin
wWinMain.app.construct.done
wWinMain.run.begin
wWinMain.begin
wWinMain.args.done
wWinMain.app.construct.begin
wWinMain.app.construct.done
wWinMain.run.begin
wWinMain.begin
wWinMain.args.done
wWinMain.app.construct.begin
wWinMain.app.construct.done
wWinMain.run.begin
wWinMain.begin
wWinMain.args.done
wWinMain.app.construct.begin
wWinMain.app.construct.done
wWinMain.run.begin
wWinMain.run.done
wWinMain.begin
wWinMain.args.done
wWinMain.app.construct.begin
wWinMain.app.construct.done
wWinMain.run.begin
wWinMain.run.done
wWinMain.begin
wWinMain.args.done
wWinMain.app.construct.begin
wWinMain.app.construct.done
wWinMain.run.begin
wWinMain.begin
wWinMain.args.done
wWinMain.app.construct.begin
wWinMain.app.construct.done
wWinMain.run.begin
wWinMain.begin
wWinMain.args.done
wWinMain.app.construct.begin
wWinMain.app.construct.done
wWinMain.run.begin
wWinMain.begin
wWinMain.args.done
wWinMain.app.construct.begin
wWinMain.app.construct.done
wWinMain.run.begin
wWinMain.begin
wWinMain.args.done
wWinMain.app.construct.begin
wWinMain.app.construct.done
wWinMain.run.begin
wWinMain.run.done
wWinMain.begin
wWinMain.args.done
wWinMain.app.construct.begin
wWinMain.app.construct.done
wWinMain.run.begin
wWinMain.begin
wWinMain.args.done
wWinMain.app.construct.begin
wWinMain.app.construct.done
wWinMain.run.begin
wWinMain.begin
wWinMain.args.done
wWinMain.app.construct.begin
wWinMain.app.construct.done
wWinMain.run.begin
wWinMain.begin
wWinMain.args.done
wWinMain.app.construct.begin
wWinMain.app.construct.done
wWinMain.run.begin
wWinMain.begin
wWinMain.args.done
wWinMain.app.construct.begin
wWinMain.app.construct.done
wWinMain.run.begin
wWinMain.begin
wWinMain.args.done
wWinMain.app.construct.begin
wWinMain.app.construct.done
wWinMain.run.begin
wWinMain.begin
wWinMain.args.done
wWinMain.app.construct.begin
wWinMain.app.construct.done
wWinMain.run.begin
wWinMain.begin
wWinMain.args.done
wWinMain.app.construct.begin
wWinMain.app.construct.done
wWinMain.run.begin
wWinMain.begin
wWinMain.args.done
wWinMain.app.construct.begin
wWinMain.app.construct.done
wWinMain.run.begin
wWinMain.begin
wWinMain.args.done
wWinMain.app.construct.begin
wWinMain.app.construct.done
wWinMain.run.begin
wWinMain.begin
wWinMain.args.done
wWinMain.app.construct.begin
wWinMain.app.construct.done
wWinMain.run.begin
wWinMain.begin
wWinMain.args.done
wWinMain.app.construct.begin
wWinMain.app.construct.done
wWinMain.run.begin
wWinMain.run.done
wWinMain.begin
wWinMain.args.done
wWinMain.app.construct.begin
wWinMain.app.construct.done
wWinMain.run.begin
wWinMain.begin
wWinMain.args.done
wWinMain.app.construct.begin
wWinMain.app.construct.done
wWinMain.run.begin
wWinMain.run.done
wWinMain.begin
wWinMain.args.done
wWinMain.app.construct.begin
wWinMain.app.construct.done
wWinMain.run.begin
wWinMain.begin
wWinMain.args.done
wWinMain.app.construct.begin
wWinMain.app.construct.done
wWinMain.run.begin
wWinMain.begin
wWinMain.args.done
wWinMain.app.construct.begin
wWinMain.app.construct.done
wWinMain.run.begin
wWinMain.begin
wWinMain.args.done
wWinMain.app.construct.begin
wWinMain.app.construct.done
wWinMain.run.begin
wWinMain.begin
wWinMain.args.done
wWinMain.app.construct.begin
wWinMain.app.construct.done
wWinMain.run.begin
wWinMain.begin
wWinMain.args.done
wWinMain.app.construct.begin
wWinMain.app.construct.done
wWinMain.run.begin
wWinMain.begin
wWinMain.args.done
wWinMain.app.construct.begin
wWinMain.app.construct.done
wWinMain.run.begin
wWinMain.begin
wWinMain.args.done
wWinMain.app.construct.begin
wWinMain.app.construct.done
wWinMain.run.begin
wWinMain.begin
wWinMain.args.done
wWinMain.app.construct.begin
wWinMain.app.construct.done
wWinMain.run.begin
wWinMain.begin
wWinMain.args.done
wWinMain.app.construct.begin
wWinMain.app.construct.done
wWinMain.run.begin
wWinMain.begin
wWinMain.args.done
wWinMain.app.construct.begin
wWinMain.app.construct.done
wWinMain.run.begin
wWinMain.begin
wWinMain.args.done
wWinMain.app.construct.begin
wWinMain.app.construct.done
wWinMain.run.begin
wWinMain.begin
wWinMain.args.done
wWinMain.app.construct.begin
wWinMain.app.construct.done
wWinMain.run.begin
wWinMain.begin
wWinMain.args.done
wWinMain.app.construct.begin
wWinMain.app.construct.done
wWinMain.run.begin
wWinMain.begin
wWinMain.args.done
wWinMain.app.construct.begin
wWinMain.app.construct.done
wWinMain.run.begin
wWinMain.begin
wWinMain.args.done
wWinMain.app.construct.begin
wWinMain.app.construct.done
wWinMain.run.begin
wWinMain.begin
wWinMain.args.done
wWinMain.app.construct.begin
wWinMain.app.construct.done
wWinMain.run.begin
wWinMain.begin
wWinMain.args.done
wWinMain.app.construct.begin
wWinMain.app.construct.done
wWinMain.run.begin
wWinMain.begin
wWinMain.args.done
wWinMain.app.construct.begin
wWinMain.app.construct.done
wWinMain.run.begin
wWinMain.begin
wWinMain.args.done
wWinMain.app.construct.begin
wWinMain.app.construct.done
wWinMain.run.begin
wWinMain.run.done
wWinMain.begin
wWinMain.args.done
wWinMain.app.construct.begin
wWinMain.app.construct.done
wWinMain.run.begin
wWinMain.run.done
wWinMain.begin
wWinMain.args.done
wWinMain.app.construct.begin
wWinMain.app.construct.done
wWinMain.run.begin
wWinMain.begin
wWinMain.args.done
wWinMain.app.construct.begin
wWinMain.app.construct.done
wWinMain.run.begin
wWinMain.begin
wWinMain.args.done
wWinMain.app.construct.begin
wWinMain.app.construct.done
wWinMain.run.begin
wWinMain.begin
wWinMain.args.done
wWinMain.app.construct.begin
wWinMain.app.construct.done
wWinMain.run.begin
wWinMain.begin
wWinMain.args.done
wWinMain.app.construct.begin
wWinMain.app.construct.done
wWinMain.run.begin
wWinMain.run.done
wWinMain.begin
wWinMain.args.done
wWinMain.app.construct.begin
wWinMain.app.construct.done
wWinMain.run.begin
wWinMain.run.done
wWinMain.begin
wWinMain.args.done
wWinMain.app.construct.begin
wWinMain.app.construct.done
wWinMain.run.begin
wWinMain.begin
wWinMain.args.done
wWinMain.app.construct.begin
wWinMain.app.construct.done
wWinMain.run.begin
wWinMain.begin
wWinMain.args.done
wWinMain.app.construct.begin
wWinMain.app.construct.done
wWinMain.run.begin
wWinMain.begin
wWinMain.args.done
wWinMain.app.construct.begin
wWinMain.app.construct.done
wWinMain.run.begin
wWinMain.run.done
wWinMain.begin
wWinMain.args.done
wWinMain.app.construct.begin
wWinMain.app.construct.done
wWinMain.run.begin
wWinMain.run.done
wWinMain.begin
wWinMain.args.done
wWinMain.app.construct.begin
wWinMain.app.construct.done
wWinMain.run.begin
wWinMain.run.done
wWinMain.begin
wWinMain.args.done
wWinMain.app.construct.begin
wWinMain.app.construct.done
wWinMain.run.begin
wWinMain.run.done
wWinMain.begin
wWinMain.args.done
wWinMain.app.construct.begin
wWinMain.app.construct.done
wWinMain.run.begin
wWinMain.run.done
wWinMain.begin
wWinMain.args.done
wWinMain.app.construct.begin
wWinMain.app.construct.done
wWinMain.run.begin
wWinMain.begin
wWinMain.args.done
wWinMain.app.construct.begin
wWinMain.app.construct.done
wWinMain.run.begin
wWinMain.run.done
