d:\gamecreation\genesisengine\out\build\win64-vs2022-clang-vulkan\eigenwarecore.dir\release\ge_corpus_pulse_log.obj
d:\gamecreation\genesisengine\out\build\win64-vs2022-clang-vulkan\eigenwarecore.dir\release\ge_camera_anchor.obj
d:\gamecreation\genesisengine\out\build\win64-vs2022-clang-vulkan\eigenwarecore.dir\release\ge_coherence_bus.obj
d:\gamecreation\genesisengine\out\build\win64-vs2022-clang-vulkan\eigenwarecore.dir\release\qubit_lanes.obj
d:\gamecreation\genesisengine\out\build\win64-vs2022-clang-vulkan\eigenwarecore.dir\release\field_lattice_cpu.obj
d:\gamecreation\genesisengine\out\build\win64-vs2022-clang-vulkan\eigenwarecore.dir\release\code_artifact_ops.obj
d:\gamecreation\genesisengine\out\build\win64-vs2022-clang-vulkan\eigenwarecore.dir\release\ge_speech_alignment.obj
d:\gamecreation\genesisengine\out\build\win64-vs2022-clang-vulkan\eigenwarecore.dir\release\substrate_alu.obj
d:\gamecreation\genesisengine\out\build\win64-vs2022-clang-vulkan\eigenwarecore.dir\release\ge_corpus_anchor_store.obj
d:\gamecreation\genesisengine\out\build\win64-vs2022-clang-vulkan\eigenwarecore.dir\release\canonical_ops.obj
d:\gamecreation\genesisengine\out\build\win64-vs2022-clang-vulkan\eigenwarecore.dir\release\hydrator.obj
d:\gamecreation\genesisengine\out\build\win64-vs2022-clang-vulkan\eigenwarecore.dir\release\ge_forced_aligner.obj
d:\gamecreation\genesisengine\out\build\win64-vs2022-clang-vulkan\eigenwarecore.dir\release\ge_neural_phase_ai.obj
d:\gamecreation\genesisengine\out\build\win64-vs2022-clang-vulkan\eigenwarecore.dir\release\ge_fourier_fanout.obj
d:\gamecreation\genesisengine\out\build\win64-vs2022-clang-vulkan\eigenwarecore.dir\release\ew_phase_transport.obj
d:\gamecreation\genesisengine\out\build\win64-vs2022-clang-vulkan\eigenwarecore.dir\release\ge_domain_policy.obj
d:\gamecreation\genesisengine\out\build\win64-vs2022-clang-vulkan\eigenwarecore.dir\release\ew_flow_ir.obj
d:\gamecreation\genesisengine\out\build\win64-vs2022-clang-vulkan\eigenwarecore.dir\release\ew_eq_exec.obj
d:\gamecreation\genesisengine\out\build\win64-vs2022-clang-vulkan\eigenwarecore.dir\release\ge_ai_regression_tests.obj
d:\gamecreation\genesisengine\out\build\win64-vs2022-clang-vulkan\eigenwarecore.dir\release\ge_ai_policy.obj
d:\gamecreation\genesisengine\out\build\win64-vs2022-clang-vulkan\eigenwarecore.dir\release\ge_metric_claim.obj
d:\gamecreation\genesisengine\out\build\win64-vs2022-clang-vulkan\eigenwarecore.dir\release\ge_learning_automation.obj
d:\gamecreation\genesisengine\out\build\win64-vs2022-clang-vulkan\eigenwarecore.dir\release\ge_phase_current.obj
d:\gamecreation\genesisengine\out\build\win64-vs2022-clang-vulkan\eigenwarecore.dir\release\ge_repo_reader.obj
d:\gamecreation\genesisengine\out\build\win64-vs2022-clang-vulkan\eigenwarecore.dir\release\ge_fft_fixed.obj
d:\gamecreation\genesisengine\out\build\win64-vs2022-clang-vulkan\eigenwarecore.dir\release\ge_voice_predictive_model.obj
d:\gamecreation\genesisengine\out\build\win64-vs2022-clang-vulkan\eigenwarecore.dir\release\ge_global_coherence.obj
d:\gamecreation\genesisengine\out\build\win64-vs2022-clang-vulkan\eigenwarecore.dir\release\ge_uv_atlas_baker.obj
d:\gamecreation\genesisengine\out\build\win64-vs2022-clang-vulkan\eigenwarecore.dir\release\ge_quantity_peeling_trainer.obj
d:\gamecreation\genesisengine\out\build\win64-vs2022-clang-vulkan\eigenwarecore.dir\release\harmonic_signature.obj
d:\gamecreation\genesisengine\out\build\win64-vs2022-clang-vulkan\eigenwarecore.dir\release\ge_metric_registry.obj
d:\gamecreation\genesisengine\out\build\win64-vs2022-clang-vulkan\eigenwarecore.dir\release\ge_state_signature.obj
d:\gamecreation\genesisengine\out\build\win64-vs2022-clang-vulkan\eigenwarecore.dir\release\ge_learning_checkpoint_gate.obj
d:\gamecreation\genesisengine\out\build\win64-vs2022-clang-vulkan\eigenwarecore.dir\release\ge_uv_unwrap.obj
d:\gamecreation\genesisengine\out\build\win64-vs2022-clang-vulkan\eigenwarecore.dir\release\spec_aux_ops.obj
d:\gamecreation\genesisengine\out\build\win64-vs2022-clang-vulkan\eigenwarecore.dir\release\ge_overlap_gpu.obj
d:\gamecreation\genesisengine\out\build\win64-vs2022-clang-vulkan\eigenwarecore.dir\release\cmb_bath.obj
d:\gamecreation\genesisengine\out\build\win64-vs2022-clang-vulkan\eigenwarecore.dir\release\anchor_pack.obj
d:\gamecreation\genesisengine\out\build\win64-vs2022-clang-vulkan\eigenwarecore.dir\release\operator_validator.obj
d:\gamecreation\genesisengine\out\build\win64-vs2022-clang-vulkan\eigenwarecore.dir\release\ge_voxel_coupling.obj
d:\gamecreation\genesisengine\out\build\win64-vs2022-clang-vulkan\eigenwarecore.dir\release\ge_metric_templates.obj
d:\gamecreation\genesisengine\out\build\win64-vs2022-clang-vulkan\eigenwarecore.dir\release\inspector_fields.obj
d:\gamecreation\genesisengine\out\build\win64-vs2022-clang-vulkan\eigenwarecore.dir\release\ge_object_ancilla.obj
d:\gamecreation\genesisengine\out\build\win64-vs2022-clang-vulkan\eigenwarecore.dir\release\coherence_gate.obj
d:\gamecreation\genesisengine\out\build\win64-vs2022-clang-vulkan\eigenwarecore.dir\release\crawler_subsystem.obj
d:\gamecreation\genesisengine\out\build\win64-vs2022-clang-vulkan\eigenwarecore.dir\release\ge_pulse_trajectory_bound.obj
d:\gamecreation\genesisengine\out\build\win64-vs2022-clang-vulkan\eigenwarecore.dir\release\ge_math_foundation.obj
d:\gamecreation\genesisengine\out\build\win64-vs2022-clang-vulkan\eigenwarecore.dir\release\ewmesh_voxelizer.obj
d:\gamecreation\genesisengine\out\build\win64-vs2022-clang-vulkan\eigenwarecore.dir\release\ew_substrate_manager.obj
d:\gamecreation\genesisengine\out\build\win64-vs2022-clang-vulkan\eigenwarecore.dir\release\ew_id9.obj
d:\gamecreation\genesisengine\out\build\win64-vs2022-clang-vulkan\eigenwarecore.dir\release\frequency_collapse.obj
d:\gamecreation\genesisengine\out\build\win64-vs2022-clang-vulkan\eigenwarecore.dir\release\ge_operator_registry.obj
d:\gamecreation\genesisengine\out\build\win64-vs2022-clang-vulkan\eigenwarecore.dir\release\ge_curriculum_manager.obj
d:\gamecreation\genesisengine\out\build\win64-vs2022-clang-vulkan\eigenwarecore.dir\release\ge_corpus_allowlist.obj
d:\gamecreation\genesisengine\out\build\win64-vs2022-clang-vulkan\eigenwarecore.dir\release\carrier_bundle_gpu.obj
d:\gamecreation\genesisengine\out\build\win64-vs2022-clang-vulkan\eigenwarecore.dir\release\ew_cordic.obj
d:\gamecreation\genesisengine\out\build\win64-vs2022-clang-vulkan\eigenwarecore.dir\release\ge_planet_ancilla.obj
d:\gamecreation\genesisengine\out\build\win64-vs2022-clang-vulkan\eigenwarecore.dir\release\ge_audio_wav.obj
d:\gamecreation\genesisengine\out\build\win64-vs2022-clang-vulkan\eigenwarecore.dir\release\ge_experiment_templates.obj
d:\gamecreation\genesisengine\out\build\win64-vs2022-clang-vulkan\eigenwarecore.dir\release\ge_live_crawler.obj
d:\gamecreation\genesisengine\out\build\win64-vs2022-clang-vulkan\eigenwarecore.dir\release\ge_audio_features.obj
d:\gamecreation\genesisengine\out\build\win64-vs2022-clang-vulkan\eigenwarecore.dir\release\coherence_graph.obj
d:\gamecreation\genesisengine\out\build\win64-vs2022-clang-vulkan\eigenwarecore.dir\release\ge_prosody_planner.obj
d:\gamecreation\genesisengine\out\build\win64-vs2022-clang-vulkan\eigenwarecore.dir\release\ge_collision_env.obj
d:\gamecreation\genesisengine\out\build\win64-vs2022-clang-vulkan\eigenwarecore.dir\release\ge_phrase_priors.obj
d:\gamecreation\genesisengine\out\build\win64-vs2022-clang-vulkan\eigenwarecore.dir\release\ge_coherence_graph_store.obj
d:\gamecreation\genesisengine\out\build\win64-vs2022-clang-vulkan\eigenwarecore.dir\release\ge_nbody.obj
d:\gamecreation\genesisengine\out\build\win64-vs2022-clang-vulkan\eigenwarecore.dir\release\assimp_fbx_io_stub.obj
d:\gamecreation\genesisengine\out\build\win64-vs2022-clang-vulkan\eigenwarecore.dir\release\ge_safety_governor.obj
d:\gamecreation\genesisengine\out\build\win64-vs2022-clang-vulkan\eigenwarecore.dir\release\ew_txn_file.obj
d:\gamecreation\genesisengine\out\build\win64-vs2022-clang-vulkan\eigenwarecore.dir\release\ge_corpus_canonicalizer.obj
d:\gamecreation\genesisengine\out\build\win64-vs2022-clang-vulkan\eigenwarecore.dir\release\ge_asset_substrate.obj
d:\gamecreation\genesisengine\out\build\win64-vs2022-clang-vulkan\eigenwarecore.dir\release\ge_prosody_priors.obj
d:\gamecreation\genesisengine\out\build\win64-vs2022-clang-vulkan\eigenwarecore.dir\release\ge_ai_anticipation.obj
d:\gamecreation\genesisengine\out\build\win64-vs2022-clang-vulkan\eigenwarecore.dir\release\ge_ai_vault.obj
d:\gamecreation\genesisengine\out\build\win64-vs2022-clang-vulkan\eigenwarecore.dir\release\ew_gpu_compute.obj
d:\gamecreation\genesisengine\out\build\win64-vs2022-clang-vulkan\eigenwarecore.dir\release\ge_lane_threshold_schedule.obj
d:\gamecreation\genesisengine\out\build\win64-vs2022-clang-vulkan\eigenwarecore.dir\release\delta_profiles.obj
d:\gamecreation\genesisengine\out\build\win64-vs2022-clang-vulkan\eigenwarecore.dir\release\ancilla_ops.obj
d:\gamecreation\genesisengine\out\build\win64-vs2022-clang-vulkan\eigenwarecore.dir\release\substrate_harmonics.obj
d:\gamecreation\genesisengine\out\build\win64-vs2022-clang-vulkan\eigenwarecore.dir\release\ge_voice_synth.obj
d:\gamecreation\genesisengine\out\build\win64-vs2022-clang-vulkan\eigenwarecore.dir\release\ge_hilbert_actuation.obj
d:\gamecreation\genesisengine\out\build\win64-vs2022-clang-vulkan\eigenwarecore.dir\release\text_encoder.obj
d:\gamecreation\genesisengine\out\build\win64-vs2022-clang-vulkan\eigenwarecore.dir\release\ew_runtime.obj
d:\gamecreation\genesisengine\out\build\win64-vs2022-clang-vulkan\eigenwarecore.dir\release\bytes_encoder.obj
d:\gamecreation\genesisengine\out\build\win64-vs2022-clang-vulkan\eigenwarecore.dir\release\ge_project_settings.obj
d:\gamecreation\genesisengine\out\build\win64-vs2022-clang-vulkan\eigenwarecore.dir\release\field_lattice_gpu_stub.obj
d:\gamecreation\genesisengine\out\build\win64-vs2022-clang-vulkan\eigenwarecore.dir\release\ge_language_foundation.obj
d:\gamecreation\genesisengine\out\build\win64-vs2022-clang-vulkan\eigenwarecore.dir\release\ew_coherence_analyzer.obj
d:\gamecreation\genesisengine\out\build\win64-vs2022-clang-vulkan\eigenwarecore.dir\release\ge_g2p_lexicon.obj
d:\gamecreation\genesisengine\out\build\win64-vs2022-clang-vulkan\eigenwarecore.dir\release\ge_g2p_english.obj
d:\gamecreation\genesisengine\out\build\win64-vs2022-clang-vulkan\eigenwarecore.dir\release\crawler_encode_cuda.obj
d:\gamecreation\genesisengine\out\build\win64-vs2022-clang-vulkan\eigenwarecore.dir\release\ge_pause_priors.obj
d:\gamecreation\genesisengine\out\build\win64-vs2022-clang-vulkan\eigenwarecore.dir\release\ge_shell_mesh.obj
d:\gamecreation\genesisengine\out\build\win64-vs2022-clang-vulkan\eigenwarecore.dir\release\ge_rate_limiter.obj
d:\gamecreation\genesisengine\out\build\win64-vs2022-clang-vulkan\eigenwarecore.dir\release\ge_object_memory.obj
d:\gamecreation\genesisengine\out\build\win64-vs2022-clang-vulkan\eigenwarecore.dir\release\ge_object_local_cuda.obj
d:\gamecreation\genesisengine\out\build\win64-vs2022-clang-vulkan\eigenwarecore.dir\release\learning_gate_cuda_stub.obj
d:\gamecreation\genesisengine\out\build\win64-vs2022-clang-vulkan\eigenwarecore.dir\release\anchor_pack_blobs.obj
d:\gamecreation\genesisengine\out\build\win64-vs2022-clang-vulkan\eigenwarecore.dir\release\ge_runtime.obj
d:\gamecreation\genesisengine\out\build\win64-vs2022-clang-vulkan\eigenwarecore.dir\release\photon_confinement.obj
d:\gamecreation\genesisengine\out\build\win64-vs2022-clang-vulkan\generated\anchor_pack_blobs.cpp
d:\gamecreation\genesisengine\out\build\win64-vs2022-clang-vulkan\cmakefiles\generate.stamp
d:\gamecreation\genesisengine\out\build\win64-vs2022-clang-vulkan\release\eigenwarecore.lib
d:\gamecreation\genesisengine\out\build\win64-vs2022-clang-vulkan\eigenwarecore.dir\release\eigenwarecore.tlog\cl.items.tlog
d:\gamecreation\genesisengine\out\build\win64-vs2022-clang-vulkan\eigenwarecore.dir\release\eigenwarecore.tlog\clang-cl.command.1.tlog
d:\gamecreation\genesisengine\out\build\win64-vs2022-clang-vulkan\eigenwarecore.dir\release\eigenwarecore.tlog\clang-cl.read.1.tlog
d:\gamecreation\genesisengine\out\build\win64-vs2022-clang-vulkan\eigenwarecore.dir\release\eigenwarecore.tlog\clang-cl.write.1.tlog
d:\gamecreation\genesisengine\out\build\win64-vs2022-clang-vulkan\eigenwarecore.dir\release\eigenwarecore.tlog\custombuild.command.1.tlog
d:\gamecreation\genesisengine\out\build\win64-vs2022-clang-vulkan\eigenwarecore.dir\release\eigenwarecore.tlog\custombuild.read.1.tlog
d:\gamecreation\genesisengine\out\build\win64-vs2022-clang-vulkan\eigenwarecore.dir\release\eigenwarecore.tlog\custombuild.write.1.tlog
d:\gamecreation\genesisengine\out\build\win64-vs2022-clang-vulkan\eigenwarecore.dir\release\eigenwarecore.tlog\llvm-lib.command.1.tlog
d:\gamecreation\genesisengine\out\build\win64-vs2022-clang-vulkan\eigenwarecore.dir\release\eigenwarecore.tlog\llvm-lib.read.1.tlog
d:\gamecreation\genesisengine\out\build\win64-vs2022-clang-vulkan\eigenwarecore.dir\release\eigenwarecore.tlog\llvm-lib.write.1.tlog
